Determining if the pthread_create exist failed with the following output:
Change Dir: /media/azure/Workspace/ROS_workspace/ROS_workspace-dylan/workspace/R_running/build/CMakeFiles/CMakeTmp

Run Build Command:"/usr/bin/make" "cmTC_8e7f8/fast"
/usr/bin/make -f CMakeFiles/cmTC_8e7f8.dir/build.make CMakeFiles/cmTC_8e7f8.dir/build
make[1]: 进入目录“/media/azure/Workspace/ROS_workspace/ROS_workspace-dylan/workspace/R_running/build/CMakeFiles/CMakeTmp”
Building C object CMakeFiles/cmTC_8e7f8.dir/CheckSymbolExists.c.o
/usr/bin/cc    -o CMakeFiles/cmTC_8e7f8.dir/CheckSymbolExists.c.o   -c /media/azure/Workspace/ROS_workspace/ROS_workspace-dylan/workspace/R_running/build/CMakeFiles/CMakeTmp/CheckSymbolExists.c
Linking C executable cmTC_8e7f8
/usr/bin/cmake -E cmake_link_script CMakeFiles/cmTC_8e7f8.dir/link.txt --verbose=1
/usr/bin/cc      -rdynamic CMakeFiles/cmTC_8e7f8.dir/CheckSymbolExists.c.o  -o cmTC_8e7f8 
CMakeFiles/cmTC_8e7f8.dir/CheckSymbolExists.c.o：在函数‘main’中：
CheckSymbolExists.c:(.text+0x1b)：对‘pthread_create’未定义的引用
collect2: error: ld returned 1 exit status
CMakeFiles/cmTC_8e7f8.dir/build.make:97: recipe for target 'cmTC_8e7f8' failed
make[1]: *** [cmTC_8e7f8] Error 1
make[1]: 离开目录“/media/azure/Workspace/ROS_workspace/ROS_workspace-dylan/workspace/R_running/build/CMakeFiles/CMakeTmp”
Makefile:126: recipe for target 'cmTC_8e7f8/fast' failed
make: *** [cmTC_8e7f8/fast] Error 2

File /media/azure/Workspace/ROS_workspace/ROS_workspace-dylan/workspace/R_running/build/CMakeFiles/CMakeTmp/CheckSymbolExists.c:
/* */
#include <pthread.h>

int main(int argc, char** argv)
{
  (void)argv;
#ifndef pthread_create
  return ((int*)(&pthread_create))[argc];
#else
  (void)argc;
  return 0;
#endif
}

Determining if the function pthread_create exists in the pthreads failed with the following output:
Change Dir: /media/azure/Workspace/ROS_workspace/ROS_workspace-dylan/workspace/R_running/build/CMakeFiles/CMakeTmp

Run Build Command:"/usr/bin/make" "cmTC_7e25e/fast"
/usr/bin/make -f CMakeFiles/cmTC_7e25e.dir/build.make CMakeFiles/cmTC_7e25e.dir/build
make[1]: 进入目录“/media/azure/Workspace/ROS_workspace/ROS_workspace-dylan/workspace/R_running/build/CMakeFiles/CMakeTmp”
Building C object CMakeFiles/cmTC_7e25e.dir/CheckFunctionExists.c.o
/usr/bin/cc   -DCHECK_FUNCTION_EXISTS=pthread_create   -o CMakeFiles/cmTC_7e25e.dir/CheckFunctionExists.c.o   -c /usr/share/cmake-3.10/Modules/CheckFunctionExists.c
Linking C executable cmTC_7e25e
/usr/bin/cmake -E cmake_link_script CMakeFiles/cmTC_7e25e.dir/link.txt --verbose=1
/usr/bin/cc  -DCHECK_FUNCTION_EXISTS=pthread_create    -rdynamic CMakeFiles/cmTC_7e25e.dir/CheckFunctionExists.c.o  -o cmTC_7e25e -lpthreads 
/usr/bin/ld: 找不到 -lpthreads
collect2: error: ld returned 1 exit status
CMakeFiles/cmTC_7e25e.dir/build.make:97: recipe for target 'cmTC_7e25e' failed
make[1]: *** [cmTC_7e25e] Error 1
make[1]: 离开目录“/media/azure/Workspace/ROS_workspace/ROS_workspace-dylan/workspace/R_running/build/CMakeFiles/CMakeTmp”
Makefile:126: recipe for target 'cmTC_7e25e/fast' failed
make: *** [cmTC_7e25e/fast] Error 2


